Started at Tue May 04 11:49:18 UTC 2021
Processing DSLtest
Offering DSLtest to Project Build Discarder
Processing pipeline
Offering pipeline to Project Build Discarder
Processing test
Offering test to Project Build Discarder
Finished at Tue May 04 11:49:18 UTC 2021. 2ms
Started at Tue May 04 12:49:18 UTC 2021
Processing DSLtest
Offering DSLtest to Project Build Discarder
Processing pipeline
Offering pipeline to Project Build Discarder
Processing test
Offering test to Project Build Discarder
Finished at Tue May 04 12:49:18 UTC 2021. 1ms
Started at Tue May 04 13:49:18 UTC 2021
Processing DSLtest
Offering DSLtest to Project Build Discarder
Processing pipeline
Offering pipeline to Project Build Discarder
Processing test
Offering test to Project Build Discarder
Finished at Tue May 04 13:49:18 UTC 2021. 2ms
